<?xml version="1.0" encoding="UTF-8"?>
<testng-results skipped="0" failed="0" ignored="0" total="1" passed="1">
  <reporter-output>
  </reporter-output>
  <suite name="Default suite" duration-ms="19376" started-at="2021-01-09T15:01:32 IST" finished-at="2021-01-09T15:01:51 IST">
    <groups>
    </groups>
    <test name="Default test" duration-ms="19376" started-at="2021-01-09T15:01:32 IST" finished-at="2021-01-09T15:01:51 IST">
      <class name="qaautomation.TestCase2">
        <test-method status="PASS" signature="sofverif()[pri:0, instance:qaautomation.TestCase2@3a5ed7a6]" name="sofverif" duration-ms="19331" started-at="2021-01-09T15:01:32 IST" finished-at="2021-01-09T15:01:51 IST">
          <reporter-output>
          </reporter-output>
        </test-method> <!-- sofverif -->
      </class> <!-- qaautomation.TestCase2 -->
    </test> <!-- Default test -->
  </suite> <!-- Default suite -->
</testng-results>
